{"uuid":"f1f372b6-cc62-44cb-ada1-080306801e82","historyId":"de613766476935c588744924d9279fcf","fullName":"testSuite.LoginTest.loginMethodTest","labels":[{"name":"package","value":"testSuite.LoginTest"},{"name":"testClass","value":"testSuite.LoginTest"},{"name":"testMethod","value":"loginMethodTest"},{"name":"parentSuite","value":"Default suite"},{"name":"suite","value":"Default test"},{"name":"subSuite","value":"testSuite.LoginTest"},{"name":"host","value":"DESKTOP-A3HVBU0"},{"name":"thread","value":"2432@DESKTOP-A3HVBU0.main(1)"},{"name":"story","value":"Story Name : To check login method"},{"name":"severity","value":"blocker"}],"links":[],"name":"Verifying login page methods","status":"failed","statusDetails":{"known":false,"muted":false,"flaky":false,"message":"expected [CRMPRO - CRM software for customer relationship management, sales, and support.] but found [CRMPRO -CRM software for customer relationship management, sales, and support.]","trace":"java.lang.AssertionError: expected [CRMPRO - CRM software for customer relationship management, sales, and support.] but found [CRMPRO -CRM software for customer relationship management, sales, and support.]\r\n\tat org.testng.Assert.fail(Assert.java:96)\r\n\tat org.testng.Assert.failNotEquals(Assert.java:776)\r\n\tat org.testng.Assert.assertEqualsImpl(Assert.java:137)\r\n\tat org.testng.Assert.assertEquals(Assert.java:118)\r\n\tat org.testng.Assert.assertEquals(Assert.java:453)\r\n\tat org.testng.Assert.assertEquals(Assert.java:463)\r\n\tat pages.LoginPage.verifyLoginWithBlankDetails_aroundBody6(LoginPage.java:50)\r\n\tat pages.LoginPage$AjcClosure7.run(LoginPage.java:1)\r\n\tat org.aspectj.runtime.reflect.JoinPointImpl.proceed(JoinPointImpl.java:149)\r\n\tat io.qameta.allure.aspects.StepsAspects.step(StepsAspects.java:51)\r\n\tat pages.LoginPage.verifyLoginWithBlankDetails(LoginPage.java:45)\r\n\tat testSuite.LoginTest.loginMethodTest(LoginTest.java:24)\r\n\tat sun.reflect.NativeMethodAccessorImpl.invoke0(Native Method)\r\n\tat sun.reflect.NativeMethodAccessorImpl.invoke(Unknown Source)\r\n\tat sun.reflect.DelegatingMethodAccessorImpl.invoke(Unknown Source)\r\n\tat java.lang.reflect.Method.invoke(Unknown Source)\r\n\tat org.testng.internal.MethodInvocationHelper.invokeMethod(MethodInvocationHelper.java:124)\r\n\tat org.testng.internal.Invoker.invokeMethod(Invoker.java:580)\r\n\tat org.testng.internal.Invoker.invokeTestMethod(Invoker.java:716)\r\n\tat org.testng.internal.Invoker.invokeTestMethods(Invoker.java:988)\r\n\tat org.testng.internal.TestMethodWorker.invokeTestMethods(TestMethodWorker.java:125)\r\n\tat org.testng.internal.TestMethodWorker.run(TestMethodWorker.java:109)\r\n\tat org.testng.TestRunner.privateRun(TestRunner.java:648)\r\n\tat org.testng.TestRunner.run(TestRunner.java:505)\r\n\tat org.testng.SuiteRunner.runTest(SuiteRunner.java:455)\r\n\tat org.testng.SuiteRunner.runSequentially(SuiteRunner.java:450)\r\n\tat org.testng.SuiteRunner.privateRun(SuiteRunner.java:415)\r\n\tat org.testng.SuiteRunner.run(SuiteRunner.java:364)\r\n\tat org.testng.SuiteRunnerWorker.runSuite(SuiteRunnerWorker.java:52)\r\n\tat org.testng.SuiteRunnerWorker.run(SuiteRunnerWorker.java:84)\r\n\tat org.testng.TestNG.runSuitesSequentially(TestNG.java:1208)\r\n\tat org.testng.TestNG.runSuitesLocally(TestNG.java:1137)\r\n\tat org.testng.TestNG.runSuites(TestNG.java:1049)\r\n\tat org.testng.TestNG.run(TestNG.java:1017)\r\n\tat org.testng.remote.AbstractRemoteTestNG.run(AbstractRemoteTestNG.java:114)\r\n\tat org.testng.remote.RemoteTestNG.initAndRun(RemoteTestNG.java:251)\r\n\tat org.testng.remote.RemoteTestNG.main(RemoteTestNG.java:77)\r\n"},"stage":"finished","description":"Test case description: Verify login with diffrent scenarios and login page webelements","start":1587750485419,"stop":1587750495716,"steps":[{"name":"Verify login page title step...","status":"passed","stage":"finished","start":1587750486022,"stop":1587750486277},{"name":"Verify logo on login page step...","status":"passed","stage":"finished","start":1587750486278,"stop":1587750486463},{"name":"Verify Signup link is step...","status":"passed","stage":"finished","start":1587750486464,"stop":1587750486785},{"name":"Verify login with blank user details: username: and password: step...","status":"failed","statusDetails":{"known":false,"muted":false,"flaky":false,"message":"expected [CRMPRO - CRM software for customer relationship management, sales, and support.] but found [CRMPRO -CRM software for customer relationship management, sales, and support.]","trace":"java.lang.AssertionError: expected [CRMPRO - CRM software for customer relationship management, sales, and support.] but found [CRMPRO -CRM software for customer relationship management, sales, and support.]\r\n\tat org.testng.Assert.fail(Assert.java:96)\r\n\tat org.testng.Assert.failNotEquals(Assert.java:776)\r\n\tat org.testng.Assert.assertEqualsImpl(Assert.java:137)\r\n\tat org.testng.Assert.assertEquals(Assert.java:118)\r\n\tat org.testng.Assert.assertEquals(Assert.java:453)\r\n\tat org.testng.Assert.assertEquals(Assert.java:463)\r\n\tat pages.LoginPage.verifyLoginWithBlankDetails_aroundBody6(LoginPage.java:50)\r\n\tat pages.LoginPage$AjcClosure7.run(LoginPage.java:1)\r\n\tat org.aspectj.runtime.reflect.JoinPointImpl.proceed(JoinPointImpl.java:149)\r\n\tat io.qameta.allure.aspects.StepsAspects.step(StepsAspects.java:51)\r\n\tat pages.LoginPage.verifyLoginWithBlankDetails(LoginPage.java:45)\r\n\tat testSuite.LoginTest.loginMethodTest(LoginTest.java:24)\r\n\tat sun.reflect.NativeMethodAccessorImpl.invoke0(Native Method)\r\n\tat sun.reflect.NativeMethodAccessorImpl.invoke(Unknown Source)\r\n\tat sun.reflect.DelegatingMethodAccessorImpl.invoke(Unknown Source)\r\n\tat java.lang.reflect.Method.invoke(Unknown Source)\r\n\tat org.testng.internal.MethodInvocationHelper.invokeMethod(MethodInvocationHelper.java:124)\r\n\tat org.testng.internal.Invoker.invokeMethod(Invoker.java:580)\r\n\tat org.testng.internal.Invoker.invokeTestMethod(Invoker.java:716)\r\n\tat org.testng.internal.Invoker.invokeTestMethods(Invoker.java:988)\r\n\tat org.testng.internal.TestMethodWorker.invokeTestMethods(TestMethodWorker.java:125)\r\n\tat org.testng.internal.TestMethodWorker.run(TestMethodWorker.java:109)\r\n\tat org.testng.TestRunner.privateRun(TestRunner.java:648)\r\n\tat org.testng.TestRunner.run(TestRunner.java:505)\r\n\tat org.testng.SuiteRunner.runTest(SuiteRunner.java:455)\r\n\tat org.testng.SuiteRunner.runSequentially(SuiteRunner.java:450)\r\n\tat org.testng.SuiteRunner.privateRun(SuiteRunner.java:415)\r\n\tat org.testng.SuiteRunner.run(SuiteRunner.java:364)\r\n\tat org.testng.SuiteRunnerWorker.runSuite(SuiteRunnerWorker.java:52)\r\n\tat org.testng.SuiteRunnerWorker.run(SuiteRunnerWorker.java:84)\r\n\tat org.testng.TestNG.runSuitesSequentially(TestNG.java:1208)\r\n\tat org.testng.TestNG.runSuitesLocally(TestNG.java:1137)\r\n\tat org.testng.TestNG.runSuites(TestNG.java:1049)\r\n\tat org.testng.TestNG.run(TestNG.java:1017)\r\n\tat org.testng.remote.AbstractRemoteTestNG.run(AbstractRemoteTestNG.java:114)\r\n\tat org.testng.remote.RemoteTestNG.initAndRun(RemoteTestNG.java:251)\r\n\tat org.testng.remote.RemoteTestNG.main(RemoteTestNG.java:77)\r\n"},"stage":"finished","start":1587750486833,"stop":1587750495703,"parameters":[{"name":"username","value":""},{"name":"pass","value":""}]}],"parameters":[]}